e:\code\git\c++\c++study\release\vc120.pdb
e:\code\git\c++\c++study\release\validparas.obj
e:\code\git\c++\c++study\release\file2.obj
e:\code\git\c++\c++study\release\file1.obj
e:\code\git\c++\c++study\release\inline.obj
e:\code\git\c++\c++study\release\strtype3.obj
e:\code\git\c++\c++study\release\assgn_st.obj
e:\code\git\c++\c++study\release\error3.obj
e:\code\git\c++\c++study\release\usett1.obj
e:\code\git\c++\c++study\release\usebrass1.obj
e:\code\git\c++\c++study\release\tabtenn1.obj
e:\code\git\c++\c++study\release\brass.obj
e:\code\git\c++\c++study\release\strngbad.obj
e:\code\git\c++\c++study\release\main.obj
e:\code\git\c++\c++study\release\palindromicstr.obj
e:\code\git\c++\c++study\release\c++study.tlog\cl.command.1.tlog
e:\code\git\c++\c++study\release\c++study.tlog\cl.read.1.tlog
e:\code\git\c++\c++study\release\c++study.tlog\cl.write.1.tlog
e:\code\git\c++\c++study\release\c++study.tlog\link.command.1.tlog
e:\code\git\c++\c++study\release\c++study.tlog\link.read.1.tlog
e:\code\git\c++\c++study\release\c++study.tlog\link.write.1.tlog
