C:\USERS\JMY\DOCUMENTS\VISUAL STUDIO 2010\PROJECTS\C++\ALGORITHM\DEBUG\ALGORITHM.EXE.EMBED.MANIFEST
C:\USERS\JMY\DOCUMENTS\VISUAL STUDIO 2010\PROJECTS\C++\ALGORITHM\DEBUG\ALGORITHM.EXE.EMBED.MANIFEST.RES
C:\USERS\JMY\DOCUMENTS\VISUAL STUDIO 2010\PROJECTS\C++\ALGORITHM\DEBUG\ALGORITHM.EXE.INTERMEDIATE.MANIFEST
C:\USERS\JMY\DOCUMENTS\VISUAL STUDIO 2010\PROJECTS\C++\ALGORITHM\DEBUG\VC100.PDB
C:\USERS\JMY\DOCUMENTS\VISUAL STUDIO 2010\PROJECTS\C++\DEBUG\ALGORITHM.EXE
C:\USERS\JMY\DOCUMENTS\VISUAL STUDIO 2010\PROJECTS\C++\DEBUG\ALGORITHM.ILK
C:\USERS\JMY\DOCUMENTS\VISUAL STUDIO 2010\PROJECTS\C++\DEBUG\ALGORITHM.PDB
E:\360YPan\Projects\C++\Algorithm\Debug\Algorithm.exe.embed.manifest
E:\360YPan\Projects\C++\Algorithm\Debug\Algorithm.exe.embed.manifest.res
E:\360YPan\Projects\C++\Algorithm\Debug\Algorithm.exe.intermediate.manifest
E:\360YPan\Projects\C++\Algorithm\Debug\Algorithm.vcxprojResolveAssemblyReference.cache
E:\360YPan\Projects\C++\Algorithm\Debug\Algorithm.write.1.tlog
E:\360YPan\Projects\C++\Algorithm\Debug\Algorithm_manifest.rc
E:\360YPan\Projects\C++\Algorithm\Debug\cl.command.1.tlog
E:\360YPan\Projects\C++\Algorithm\Debug\CL.read.1.tlog
E:\360YPan\Projects\C++\Algorithm\Debug\CL.write.1.tlog
E:\360YPan\Projects\C++\Algorithm\Debug\link.3564.read.1.tlog
E:\360YPan\Projects\C++\Algorithm\Debug\link.3564.write.1.tlog
E:\360YPan\Projects\C++\Algorithm\Debug\link.3564-cvtres.read.1.tlog
E:\360YPan\Projects\C++\Algorithm\Debug\link.3564-cvtres.write.1.tlog
E:\360YPan\Projects\C++\Algorithm\Debug\link.command.1.tlog
E:\360YPan\Projects\C++\Algorithm\Debug\link.read.1.tlog
E:\360YPan\Projects\C++\Algorithm\Debug\link.write.1.tlog
E:\360YPan\Projects\C++\Algorithm\Debug\link-cvtres.read.1.tlog
E:\360YPan\Projects\C++\Algorithm\Debug\link-cvtres.write.1.tlog
E:\360YPan\Projects\C++\Algorithm\Debug\mt.command.1.tlog
E:\360YPan\Projects\C++\Algorithm\Debug\mt.read.1.tlog
E:\360YPan\Projects\C++\Algorithm\Debug\mt.write.1.tlog
E:\360YPan\Projects\C++\Algorithm\Debug\rc.command.1.tlog
E:\360YPan\Projects\C++\Algorithm\Debug\rc.read.1.tlog
E:\360YPan\Projects\C++\Algorithm\Debug\rc.write.1.tlog
E:\360YPan\Projects\C++\Algorithm\Debug\vc100.idb
E:\360YPan\Projects\C++\Algorithm\Debug\vc100.pdb
