生成启动时间为 2014/10/1 15:37:45。
     1>项目“E:\360YPan\Projects\C++\Algorithm\Algorithm.vcxproj”在节点 3 上(rebuild 个目标)。
     1>_PrepareForClean:
         正在删除文件“Debug\Algorithm.lastbuildstate”。
       InitializeBuildStatus:
         正在对“Debug\Algorithm.unsuccessfulbuild”执行 Touch 任务。
       ClCompile:
         c:\Program Files\Microsoft Visual Studio 10.0\VC\bin\CL.exe /c /ZI /nologo /W3 /WX- /Od /Oy- /D WIN32 /D _DEBUG /D _CONSOLE /D _UNICODE /D UNICODE /Gm /EHsc /RTC1 /MDd /GS /fp:precise /Zc:wchar_t /Zc:forScope /Fo"Debug\\" /Fd"Debug\vc100.pdb" /Gd /TP /analyze- /errorReport:prompt main.cpp "Simulated Annealing.cpp"
         Simulated Annealing.cpp
         main.cpp
         正在生成代码...
     1>e:\360ypan\projects\c++\algorithm\simulated annealing.cpp(170): warning C4715: “saTSP::init_dis”: 不是所有的控件路径都返回值
       ManifestResourceCompile:
         C:\Program Files\Microsoft SDKs\Windows\v7.0A\bin\rc.exe /nologo /fo"Debug\Algorithm.exe.embed.manifest.res" Debug\Algorithm_manifest.rc 
       Link:
         c:\Program Files\Microsoft Visual Studio 10.0\VC\bin\link.exe /ERRORREPORT:PROMPT /OUT:"E:\360YPan\Projects\C++\Debug\Algorithm.exe" /INCREMENTAL /NOLOGO kernel32.lib user32.lib gdi32.lib winspool.lib comdlg32.lib advapi32.lib shell32.lib ole32.lib oleaut32.lib uuid.lib odbc32.lib odbccp32.lib /MANIFEST /ManifestFile:"Debug\Algorithm.exe.intermediate.manifest" /MANIFESTUAC:"level='asInvoker' uiAccess='false'" /DEBUG /PDB:"E:\360YPan\Projects\C++\Debug\Algorithm.pdb" /SUBSYSTEM:CONSOLE /TLBID:1 /DYNAMICBASE /NXCOMPAT /IMPLIB:"E:\360YPan\Projects\C++\Debug\Algorithm.lib" /MACHINE:X86 Debug\Algorithm.exe.embed.manifest.res
         Debug\main.obj
         "Debug\Simulated Annealing.obj"
       Manifest:
         正在删除文件“Debug\Algorithm.exe.embed.manifest”。
         C:\Program Files\Microsoft SDKs\Windows\v7.0A\bin\mt.exe /nologo /verbose /out:"Debug\Algorithm.exe.embed.manifest" /manifest Debug\Algorithm.exe.intermediate.manifest
         C:\Program Files\Microsoft SDKs\Windows\v7.0A\bin\rc.exe /nologo /fo"Debug\Algorithm.exe.embed.manifest.res" Debug\Algorithm_manifest.rc 
       LinkEmbedManifest:
         c:\Program Files\Microsoft Visual Studio 10.0\VC\bin\link.exe /ERRORREPORT:PROMPT /OUT:"E:\360YPan\Projects\C++\Debug\Algorithm.exe" /INCREMENTAL /NOLOGO kernel32.lib user32.lib gdi32.lib winspool.lib comdlg32.lib advapi32.lib shell32.lib ole32.lib oleaut32.lib uuid.lib odbc32.lib odbccp32.lib /MANIFEST /ManifestFile:"Debug\Algorithm.exe.intermediate.manifest" /MANIFESTUAC:"level='asInvoker' uiAccess='false'" /DEBUG /PDB:"E:\360YPan\Projects\C++\Debug\Algorithm.pdb" /SUBSYSTEM:CONSOLE /TLBID:1 /DYNAMICBASE /NXCOMPAT /IMPLIB:"E:\360YPan\Projects\C++\Debug\Algorithm.lib" /MACHINE:X86 Debug\Algorithm.exe.embed.manifest.res
         Debug\main.obj
         "Debug\Simulated Annealing.obj"
         Algorithm.vcxproj -> E:\360YPan\Projects\C++\Debug\Algorithm.exe
       FinalizeBuildStatus:
         正在删除文件“Debug\Algorithm.unsuccessfulbuild”。
         正在对“Debug\Algorithm.lastbuildstate”执行 Touch 任务。
     1>已完成生成项目“E:\360YPan\Projects\C++\Algorithm\Algorithm.vcxproj”(rebuild 个目标)的操作。

生成成功。

已用时间 00:00:02.76
