C:\USERS\JMY\DOCUMENTS\VISUAL STUDIO 2010\PROJECTS\C++\CREATEINVOKEDLL\DEBUG\CREATEDLL.OBJ
C:\USERS\JMY\DOCUMENTS\VISUAL STUDIO 2010\PROJECTS\C++\CREATEINVOKEDLL\DEBUG\CREATEINVOKEDLL.EXE.EMBED.MANIFEST
C:\USERS\JMY\DOCUMENTS\VISUAL STUDIO 2010\PROJECTS\C++\CREATEINVOKEDLL\DEBUG\CREATEINVOKEDLL.EXE.EMBED.MANIFEST.RES
C:\USERS\JMY\DOCUMENTS\VISUAL STUDIO 2010\PROJECTS\C++\CREATEINVOKEDLL\DEBUG\CREATEINVOKEDLL.EXE.INTERMEDIATE.MANIFEST
C:\USERS\JMY\DOCUMENTS\VISUAL STUDIO 2010\PROJECTS\C++\CREATEINVOKEDLL\DEBUG\INVOKEDLL.OBJ
C:\USERS\JMY\DOCUMENTS\VISUAL STUDIO 2010\PROJECTS\C++\CREATEINVOKEDLL\DEBUG\VC100.PDB
C:\USERS\JMY\DOCUMENTS\VISUAL STUDIO 2010\PROJECTS\C++\DEBUG\CREATEINVOKEDLL.EXE
C:\Users\jmy\Documents\Visual Studio 2010\Projects\C++\Debug\CreateInvokeDll.exp
C:\USERS\JMY\DOCUMENTS\VISUAL STUDIO 2010\PROJECTS\C++\DEBUG\CREATEINVOKEDLL.ILK
C:\Users\jmy\Documents\Visual Studio 2010\Projects\C++\Debug\CreateInvokeDll.lib
C:\USERS\JMY\DOCUMENTS\VISUAL STUDIO 2010\PROJECTS\C++\DEBUG\CREATEINVOKEDLL.PDB
E:\360YPan\Projects\C++\CreateInvokeDll\Debug\cl.command.1.tlog
E:\360YPan\Projects\C++\CreateInvokeDll\Debug\CL.read.1.tlog
E:\360YPan\Projects\C++\CreateInvokeDll\Debug\CL.write.1.tlog
E:\360YPan\Projects\C++\CreateInvokeDll\Debug\CreateDll.obj
E:\360YPan\Projects\C++\CreateInvokeDll\Debug\CreateInvokeDll.exe.embed.manifest
E:\360YPan\Projects\C++\CreateInvokeDll\Debug\CreateInvokeDll.exe.embed.manifest.res
E:\360YPan\Projects\C++\CreateInvokeDll\Debug\CreateInvokeDll.exe.intermediate.manifest
E:\360YPan\Projects\C++\CreateInvokeDll\Debug\CreateInvokeDll.vcxprojResolveAssemblyReference.cache
E:\360YPan\Projects\C++\CreateInvokeDll\Debug\CreateInvokeDll.write.1.tlog
E:\360YPan\Projects\C++\CreateInvokeDll\Debug\CreateInvokeDll_manifest.rc
E:\360YPan\Projects\C++\CreateInvokeDll\Debug\InvokeDll.obj
E:\360YPan\Projects\C++\CreateInvokeDll\Debug\link.4892.read.1.tlog
E:\360YPan\Projects\C++\CreateInvokeDll\Debug\link.4892.write.1.tlog
E:\360YPan\Projects\C++\CreateInvokeDll\Debug\link.4892-cvtres.read.1.tlog
E:\360YPan\Projects\C++\CreateInvokeDll\Debug\link.4892-cvtres.write.1.tlog
E:\360YPan\Projects\C++\CreateInvokeDll\Debug\link.command.1.tlog
E:\360YPan\Projects\C++\CreateInvokeDll\Debug\link.read.1.tlog
E:\360YPan\Projects\C++\CreateInvokeDll\Debug\link.write.1.tlog
E:\360YPan\Projects\C++\CreateInvokeDll\Debug\link-cvtres.read.1.tlog
E:\360YPan\Projects\C++\CreateInvokeDll\Debug\link-cvtres.write.1.tlog
E:\360YPan\Projects\C++\CreateInvokeDll\Debug\mt.command.1.tlog
E:\360YPan\Projects\C++\CreateInvokeDll\Debug\mt.read.1.tlog
E:\360YPan\Projects\C++\CreateInvokeDll\Debug\mt.write.1.tlog
E:\360YPan\Projects\C++\CreateInvokeDll\Debug\rc.command.1.tlog
E:\360YPan\Projects\C++\CreateInvokeDll\Debug\rc.read.1.tlog
E:\360YPan\Projects\C++\CreateInvokeDll\Debug\rc.write.1.tlog
E:\360YPan\Projects\C++\CreateInvokeDll\Debug\vc100.idb
E:\360YPan\Projects\C++\CreateInvokeDll\Debug\vc100.pdb
