生成启动时间为 2015/1/30 19:16:34。
     1>项目“E:\360YPan\Git\C++_Github\CreateInvokeDll\CreateInvokeDll.vcxproj”在节点 2 上(Build 个目标)。
     1>InitializeBuildStatus:
         正在创建“Debug\CreateInvokeDll.unsuccessfulbuild”，因为已指定“AlwaysCreate”。
       ClCompile:
         所有输出均为最新。
         c:\Program Files\Microsoft Visual Studio 10.0\VC\bin\CL.exe /c /ZI /nologo /W3 /WX- /Od /Oy- /D WIN32 /D _DEBUG /D _CONSOLE /D _MBCS /Gm /EHsc /RTC1 /MDd /GS /fp:precise /Zc:wchar_t /Zc:forScope /Fo"Debug\\" /Fd"Debug\vc100.pdb" /Gd /TP /analyze- /errorReport:prompt CreateDll.cpp InvokeDll.cpp
         InvokeDll.cpp
     1>e:\360ypan\git\c++_github\createinvokedll\invokedll.cpp(33): warning C4018: “<”: 有符号/无符号不匹配
         CreateDll.cpp
         正在生成代码...
       ManifestResourceCompile:
         所有输出均为最新。
         C:\Program Files\Microsoft SDKs\Windows\v7.0A\bin\rc.exe /nologo /fo"Debug\CreateInvokeDll.exe.embed.manifest.res" Debug\CreateInvokeDll_manifest.rc 
       Link:
         c:\Program Files\Microsoft Visual Studio 10.0\VC\bin\link.exe /ERRORREPORT:PROMPT /OUT:"E:\360YPan\Git\C++_Github\Debug\CreateInvokeDll.exe" /INCREMENTAL /NOLOGO opencv_core2410d.lib opencv_highgui2410d.lib opencv_imgproc2410d.lib opencv_videostab2410d.lib opencv_contrib2410d.lib opencv_features2d2410d.lib opencv_flann2410d.lib opencv_gpu2410d.lib opencv_legacy2410d.lib opencv_ml2410d.lib opencv_nonfree2410d.lib opencv_objdetect2410d.lib opencv_superres2410d.lib opencv_ts2410d.lib opencv_photo2410d.lib opencv_stitching2410d.lib opencv_video2410d.lib opencv_calib3d2410d.lib kernel32.lib user32.lib gdi32.lib winspool.lib comdlg32.lib advapi32.lib shell32.lib ole32.lib oleaut32.lib uuid.lib odbc32.lib odbccp32.lib /MANIFEST /ManifestFile:"Debug\CreateInvokeDll.exe.intermediate.manifest" /MANIFESTUAC:"level='asInvoker' uiAccess='false'" /DEBUG /PDB:"E:\360YPan\Git\C++_Github\Debug\CreateInvokeDll.pdb" /SUBSYSTEM:CONSOLE /TLBID:1 /DYNAMICBASE /NXCOMPAT /IMPLIB:"E:\360YPan\Git\C++_Github\Debug\CreateInvokeDll.lib" /MACHINE:X86 Debug\CreateInvokeDll.exe.embed.manifest.res
         Debug\CreateDll.obj
         Debug\InvokeDll.obj
         LINK : 没有找到 E:\360YPan\Git\C++_Github\Debug\CreateInvokeDll.exe 或上一个增量链接没有生成它；正在执行完全链接
            正在创建库 E:\360YPan\Git\C++_Github\Debug\CreateInvokeDll.lib 和对象 E:\360YPan\Git\C++_Github\Debug\CreateInvokeDll.exp
       Manifest:
         C:\Program Files\Microsoft SDKs\Windows\v7.0A\bin\mt.exe /nologo /verbose /out:"Debug\CreateInvokeDll.exe.embed.manifest" /manifest Debug\CreateInvokeDll.exe.intermediate.manifest
         所有输出均为最新。
       LinkEmbedManifest:
         所有输出均为最新。
         CreateInvokeDll.vcxproj -> E:\360YPan\Git\C++_Github\Debug\CreateInvokeDll.exe
       FinalizeBuildStatus:
         正在删除文件“Debug\CreateInvokeDll.unsuccessfulbuild”。
         正在对“Debug\CreateInvokeDll.lastbuildstate”执行 Touch 任务。
     1>已完成生成项目“E:\360YPan\Git\C++_Github\CreateInvokeDll\CreateInvokeDll.vcxproj”(Build 个目标)的操作。

生成成功。

已用时间 00:00:01.57
