e:\360ypan\git\c++_github\c++study\debug\vc120.pdb
e:\360ypan\git\c++_github\c++study\debug\vc120.idb
e:\360ypan\git\c++_github\c++study\debug\main.obj
e:\360ypan\git\c++_github\c++study\debug\strngbad.obj
e:\360ypan\git\c++_github\c++study\debug\brass.obj
e:\360ypan\git\c++_github\c++study\debug\tabtenn1.obj
e:\360ypan\git\c++_github\c++study\debug\usebrass1.obj
e:\360ypan\git\c++_github\c++study\debug\usett1.obj
e:\360ypan\git\c++_github\c++study\debug\error3.obj
e:\360ypan\git\c++_github\c++study\debug\assgn_st.obj
e:\360ypan\git\c++_github\c++study\debug\strtype3.obj
e:\360ypan\git\c++_github\c++study\debug\inline.obj
e:\360ypan\git\c++_github\c++study\debug\file1.obj
e:\360ypan\git\c++_github\c++study\debug\file2.obj
e:\360ypan\git\c++_github\c++study\debug\stock00.obj
e:\360ypan\git\c++_github\debug\c++study.ilk
e:\360ypan\git\c++_github\debug\c++study.exe
e:\360ypan\git\c++_github\debug\c++study.pdb
e:\360ypan\git\c++_github\c++study\debug\c++study.tlog\cl.command.1.tlog
e:\360ypan\git\c++_github\c++study\debug\c++study.tlog\cl.read.1.tlog
e:\360ypan\git\c++_github\c++study\debug\c++study.tlog\cl.write.1.tlog
e:\360ypan\git\c++_github\c++study\debug\c++study.tlog\link.command.1.tlog
e:\360ypan\git\c++_github\c++study\debug\c++study.tlog\link.read.1.tlog
e:\360ypan\git\c++_github\c++study\debug\c++study.tlog\link.write.1.tlog
