生成启动时间为 2016/2/26 15:41:18。
     1>项目“E:\Code\Git\C++\PythonCpp\PythonCpp.vcxproj”在节点 2 上(Build 个目标)。
     1>ClCompile:
         C:\Program Files (x86)\Microsoft Visual Studio 12.0\VC\bin\CL.exe /c /Zi /nologo /W3 /WX- /sdl /O2 /Oi /Oy- /GL /D WIN32 /D NDEBUG /D _CONSOLE /D _LIB /D _UNICODE /D UNICODE /Gm- /EHsc /MD /GS /Gy /fp:precise /Zc:wchar_t /Zc:forScope /Fo"Release\\" /Fd"Release\vc120.pdb" /Gd /TP /analyze- /errorReport:prompt main.cpp
         main.cpp
       Link:
         C:\Program Files (x86)\Microsoft Visual Studio 12.0\VC\bin\link.exe /ERRORREPORT:PROMPT /OUT:"E:\Code\Git\C++\Release\PythonCpp.exe" /INCREMENTAL:NO /NOLOGO /LIBPATH:C:\Python27\libs python27.lib kernel32.lib user32.lib gdi32.lib winspool.lib comdlg32.lib advapi32.lib shell32.lib ole32.lib oleaut32.lib uuid.lib odbc32.lib odbccp32.lib /MANIFEST /MANIFESTUAC:"level='asInvoker' uiAccess='false'" /manifest:embed /DEBUG /PDB:"E:\Code\Git\C++\Release\PythonCpp.pdb" /SUBSYSTEM:CONSOLE /OPT:REF /OPT:ICF /LTCG /TLBID:1 /DYNAMICBASE /NXCOMPAT /IMPLIB:"E:\Code\Git\C++\Release\PythonCpp.lib" /MACHINE:X86 /SAFESEH Release\main.obj
     1>main.obj : error LNK2001: 无法解析的外部符号 __imp__Py_BuildValue
     1>main.obj : error LNK2001: 无法解析的外部符号 __imp__Py_Initialize
     1>main.obj : error LNK2001: 无法解析的外部符号 __imp__PyEval_CallObjectWithKeywords
     1>main.obj : error LNK2001: 无法解析的外部符号 __imp__PyInstance_New
     1>main.obj : error LNK2001: 无法解析的外部符号 __imp__PyImport_ImportModule
     1>main.obj : error LNK2001: 无法解析的外部符号 __imp__PyRun_SimpleStringFlags
     1>main.obj : error LNK2001: 无法解析的外部符号 __imp__PyObject_CallMethod
     1>main.obj : error LNK2001: 无法解析的外部符号 __imp__Py_Finalize
     1>main.obj : error LNK2001: 无法解析的外部符号 __imp__PyObject_GetAttrString
     1>E:\Code\Git\C++\Release\PythonCpp.exe : fatal error LNK1120: 9 个无法解析的外部命令
     1>已完成生成项目“E:\Code\Git\C++\PythonCpp\PythonCpp.vcxproj”(Build 个目标)的操作 - 失败。

生成失败。

已用时间 00:00:03.26
